<?xml version="1.0" encoding="UTF-8"?>
<!-- Generated by org.testng.reporters.JUnitReportReporter -->
<testsuite hostname="EG-4632MG3" failures="0" tests="2" name="DemoTest" time="39.401" errors="0" timestamp="2023-04-13T02:27:52 EET" skipped="0">
  <testcase classname="DemoTest" name="flightTest" time="29.390"/>
  <system-out/>
  <testcase classname="DemoTest" name="flightTest" time="10.011"/>
  <system-out/>
</testsuite> <!-- DemoTest -->
